Build started 2013-08-26 01:32:42 PM.
     1>Project "C:\dev\cpp_all\repo\poco-1.4.6p1-all\PageCompiler\File2Page\File2Page_x64_vs110.vcxproj" on node 2 (Build target(s)).
     1>Link:
         C:\Program Files (x86)\Microsoft Visual Studio 11.0\VC\BIN\amd64\link.exe /ERRORREPORT:PROMPT /OUT:"bin64\static_md\f2cpspd.exe" /INCREMENTAL /NOLOGO /LIBPATH:..\..\lib64 iphlpapi.lib winmm.lib ws2_32.lib iphlpapi.lib kernel32.lib user32.lib gdi32.lib winspool.lib comdlg32.lib advapi32.lib shell32.lib ole32.lib oleaut32.lib uuid.lib odbc32.lib odbccp32.lib /MANIFEST /MANIFESTUAC:"level='asInvoker' uiAccess='false'" /manifest:embed /DEBUG /PDB:"bin64\static_md\f2cpspd.pdb" /SUBSYSTEM:CONSOLE /TLBID:1 /DYNAMICBASE /NXCOMPAT /IMPLIB:"bin64\static_md\f2cpspd.lib" /MACHINE:X64 obj64\debug_static_md\File2Page.obj
     1>TRACKER : error TRK0002: Failed to execute command: ""C:\Program Files (x86)\Microsoft Visual Studio 11.0\VC\BIN\amd64\link.exe" /ERRORREPORT:PROMPT @C:\Users\christiaan\AppData\Local\Temp\tmpf9ee09e9d6d54c9b8cc96d4171cd08fb.rsp". The operation identifier is not valid.
         
         
     1>Done Building Project "C:\dev\cpp_all\repo\poco-1.4.6p1-all\PageCompiler\File2Page\File2Page_x64_vs110.vcxproj" (Build target(s)) -- FAILED.

Build FAILED.

Time Elapsed 00:00:00.09
