Build started 2013-08-26 01:36:34 PM.
     1>Project "C:\dev\cpp_all\repo\poco-1.4.6p1-all\CppUnit\WinTestRunner\WinTestRunner_x64_vs110.vcxproj" on node 2 (Build target(s)).
     1>ClCompile:
         C:\Program Files (x86)\Microsoft Visual Studio 11.0\VC\BIN\amd64\CL.exe /c /Iinclude /I..\include /Zi /nologo /W3 /WX- /Od /Ob1 /Oi /Ot /Oy /D WIN32 /D NDEBUG /D _WINDOWS /D POCO_STATIC /D WINVER=0x0500 /D _CRT_SECURE_NO_DEPRECATE /D _MBCS /D _AFXDLL /Gm- /EHsc /MD /GS- /fp:precise /Zc:wchar_t /Zc:forScope /GR /Fo"obj64\release_static_md\\" /Fd"obj64\release_static_md\vc70.pdb" /Gd /TP /errorReport:prompt src\ActiveTest.cpp src\GUITestResult.cpp src\ProgressBar.cpp src\TestRunnerDlg.cpp src\WinTestRunner.cpp
     1>TRACKER : error TRK0002: Failed to execute command: ""C:\Program Files (x86)\Microsoft Visual Studio 11.0\VC\BIN\amd64\CL.exe" @C:\Users\christiaan\AppData\Local\Temp\tmp6d99683dce6d43419430f08a73af7172.rsp". The operation identifier is not valid.
         
         
     1>Done Building Project "C:\dev\cpp_all\repo\poco-1.4.6p1-all\CppUnit\WinTestRunner\WinTestRunner_x64_vs110.vcxproj" (Build target(s)) -- FAILED.

Build FAILED.

Time Elapsed 00:00:00.03
