Build started 2013-08-26 01:32:35 PM.
     1>Project "C:\dev\cpp_all\repo\poco-1.4.6p1-all\Data\MySQL\MySQL_x64_vs110.vcxproj" on node 2 (Build target(s)).
     1>ClCompile:
         C:\Program Files (x86)\Microsoft Visual Studio 11.0\VC\BIN\amd64\CL.exe /c /I.\include /I..\..\Foundation\include /I..\..\Data\include /nologo /W3 /WX- /Od /Ob1 /Oi /Ot /Oy /D WIN32 /D NDEBUG /D _WINDOWS /D POCO_STATIC /D THREADSAFE /D __LCC__ /D _MBCS /GF /Gm- /EHsc /MD /GS- /fp:precise /Zc:wchar_t /Zc:forScope /GR /Fo"obj64\release_static_md\\" /Fd"obj64\release_static_md\vc110.pdb" /Gd /TP /errorReport:prompt src\Binder.cpp src\Connector.cpp src\Extractor.cpp src\MySQLException.cpp src\MySQLStatementImpl.cpp src\ResultMetadata.cpp src\SessionHandle.cpp src\SessionImpl.cpp src\StatementExecutor.cpp
     1>TRACKER : error TRK0002: Failed to execute command: ""C:\Program Files (x86)\Microsoft Visual Studio 11.0\VC\BIN\amd64\CL.exe" @C:\Users\christiaan\AppData\Local\Temp\tmpb40149cdf4b14d7ebbec35367c91474a.rsp". The operation identifier is not valid.
         
         
     1>Done Building Project "C:\dev\cpp_all\repo\poco-1.4.6p1-all\Data\MySQL\MySQL_x64_vs110.vcxproj" (Build target(s)) -- FAILED.

Build FAILED.

Time Elapsed 00:00:00.06
